seconds,nanoseconds
0,486729
0,4475409
0,1414784
0,2439671
0,352012
0,2360463
0,337744
0,336196
0,349905
0,1334519
0,308537
0,3317141
0,305797
0,308618
0,307009
0,1264083
0,254083
0,4277803
0,260511
0,259486
0,259843
0,280800
0,277406
0,2270267
0,4321966
0,286742
0,266117
0,1270962
0,288373
0,329965
0,1290879
0,283046
0,264947
0,262014
0,262971
0,257853
0,3330239
0,263214
0,308980
0,1286735
0,4313651
0,267574
0,272748
0,4343699
0,2276940
0,348919
0,287234
0,264072
0,272721
0,263943
0,259754
0,276236
0,3276162
0,3306278
0,2269803
0,257371
0,1261806
0,2275191
0,262915
0,279824
0,265503
0,255958
0,262034
0,4308977
0,2273312
0,262390
0,258227
0,1275090
0,258515
0,259656
0,2274956
0,2269034
0,251180
0,249353
0,1266780
0,2265932
0,255861
0,1259470
0,2254520
0,269311
0,252812
0,253545
0,1290809
0,1282129
0,247610
0,1270981
0,3271740
0,250859
0,2281137
0,267520
0,276643
0,3272904
0,249352
0,253013
0,1261773
0,3276645
0,258199
0,254567
0,246758
0,1271060
