seconds,nanoseconds
0,1363031
0,218514
0,3258544
0,228011
0,246864
0,277681
0,216584
0,1293334
0,270133
0,276468
0,279184
0,1249699
0,285394
0,280207
0,238365
0,1245152
0,266050
0,280503
0,217653
0,225135
0,243182
0,234297
0,3233732
0,230353
0,236923
0,1218519
0,235807
0,215658
0,214447
0,194706
0,64079
0,1203697
0,192281
0,1207977
0,1208199
0,192637
0,1207397
0,193437
0,76446
0,177849
0,6247240
0,224931
0,222138
0,203901
0,71139
0,1198233
0,213938
0,203933
0,1219651
0,236722
0,216919
0,222688
0,225290
0,226124
0,225183
0,2234629
0,1231475
0,240874
0,1249708
0,217247
0,1241035
0,226057
0,75200
0,215312
0,69718
0,142558
0,1242434
0,1241604
0,225693
0,1250566
0,1231012
0,226741
0,214773
0,90026
0,2228144
0,216387
0,60252
0,3241671
0,247449
0,1237282
0,2224282
0,225056
0,228027
0,232572
0,2217044
0,212838
0,234823
0,215636
0,1208869
0,1207793
0,1207937
0,1207704
0,215174
0,1217166
0,226292
0,2227797
0,1203098
0,216040
0,59898
0,192270
