seconds,nanoseconds
0,2447060
0,3378346
0,20448885
0,3362432
0,5346339
0,4380245
0,26464362
0,7336955
0,3308247
0,16510306
0,305669
0,5347668
0,302015
0,321816
0,3326299
0,5309275
0,1261025
0,252025
0,8349430
0,9350704
0,353886
0,21421549
0,1303731
0,9328458
0,2301376
0,33439268
0,4312168
0,16371414
0,11351956
0,4315433
0,2294269
0,13361033
0,3259183
0,244819
0,245647
0,10295578
0,253337
0,4311663
0,31487373
0,4326277
0,3308511
0,20399842
0,1260979
0,1372349
0,20410454
0,295123
0,1281985
0,29428846
0,30420315
0,5300425
0,9361650
0,5368889
0,1496814
0,2302885
0,21439381
0,11358237
0,252076
0,7332814
0,8337538
0,292429
0,11341329
0,13354670
0,5326829
0,6347814
0,2332922
0,6327167
0,47508466
0,6331390
0,15361673
0,3353424
0,5337522
0,6284039
0,9346364
0,13355421
0,6324645
0,14374489
0,308237
0,6356986
0,4332224
0,18384159
0,14358579
0,14367948
0,45503827
0,300424
0,5317280
0,2311326
0,10338570
0,289944
0,2266537
0,9343607
0,40479058
0,261031
0,1276921
0,3271906
0,22549661
0,697057
0,4327082
0,5324194
0,289299
0,6333641
