seconds,nanoseconds
0,197165
0,27359
0,21199
0,21198
0,21614
0,21185
0,20865
0,1042529
0,21254
0,20995
0,20734
0,1040015
0,34966
0,30372
0,24095
0,20943
0,20514
0,21235
0,21529
0,21015
0,1037385
0,21314
0,21002
0,20697
0,21466
0,2051924
0,22013
0,20085
0,20346
0,20587
0,20996
0,20634
0,20986
0,1041076
0,22203
0,20973
0,20762
0,21008
0,20785
0,21113
0,1041586
0,21968
0,2058777
0,24268
0,45179
0,38955
0,23466
0,21650
0,4088781
0,23253
0,21246
0,20983
0,1039148
0,21577
0,21076
0,1039631
0,3081368
0,22607
0,20790
0,1039943
0,21882
0,2050918
0,22015
0,2056649
0,21807
0,1039810
0,22033
0,20945
0,21481
0,1040645
0,27795
0,2083288
0,22028
0,21053
0,20948
0,21752
0,21056
0,20960
0,2059672
0,23005
0,21293
0,20717
0,20675
0,21564
0,1040359
0,22258
0,21126
0,20596
0,20489
0,1039963
0,1041572
0,21942
0,20897
0,21504
0,21371
0,20269
0,3071714
0,22496
0,41131
0,25226
