seconds,nanoseconds
0,1627810
0,394800
0,2457643
0,1354330
0,2351631
0,2370247
0,347148
0,2332096
0,5324983
0,311859
0,2349183
0,318739
0,1295999
0,289975
0,301635
0,2309528
0,3338556
0,300917
0,308883
0,1263786
0,268258
0,270918
0,242006
0,5323677
0,294160
0,303879
0,293071
0,258744
0,322478
0,344269
0,300737
0,371857
0,2356438
0,4329323
0,1265371
0,1312458
0,5355731
0,293346
0,1347500
0,1297324
0,1298161
0,3334096
0,541009
0,358194
0,1258573
0,267417
0,251825
0,286605
0,281489
0,1274802
0,268947
0,2342749
0,1271405
0,302250
0,1282998
0,4326193
0,304130
0,304322
0,3326849
0,1307558
0,1353900
0,3313506
0,1312859
0,1285652
0,310427
0,330649
0,2336778
0,339625
0,316361
0,291331
0,1325752
0,406887
0,350410
0,9349469
0,307999
0,314568
0,3327810
0,300821
0,2323752
0,2308365
0,3328112
0,3336443
0,334763
0,2320689
0,1308998
0,308736
0,1280856
0,1270980
0,2263175
0,326291
0,264532
0,254350
0,250377
0,2368926
0,2268166
0,1271053
0,1267510
0,5312815
0,1314104
0,2316614
