seconds,nanoseconds
0,171055
0,1041797
0,20466
0,18938
0,18554
0,19068
0,19123
0,25519
0,1037100
0,1036534
0,1034262
0,20379
0,19080
0,19349
0,2048373
0,1034619
0,1033434
0,1034978
0,1078040
0,19702
0,19331
0,3056811
0,34095
0,1037516
0,20371
0,19446
0,19657
0,18890
0,18582
0,19043
0,1034339
0,20346
0,1034019
0,1037028
0,20833
0,1033925
0,19980
0,19143
0,18361
0,18647
0,18913
0,18827
0,18760
0,18735
0,18368
0,462460
0,27724
0,18942
0,1035757
0,19982
0,2045513
0,20088
0,18437
0,1035779
0,19700
0,18785
0,19151
0,18757
0,18732
0,18514
0,18883
0,18341
0,2048296
0,19950
0,18482
0,1033150
0,1035118
0,1039287
0,1034332
0,18983
0,18324
0,1033004
0,19925
0,2045914
0,23454
0,18755
0,18968
0,18735
0,19148
0,18519
0,18601
0,18677
0,1034589
0,1033589
0,19637
0,1032695
0,19544
0,18319
0,18549
0,19028
0,18346
0,18414
0,18597
0,3059783
0,19880
0,1033777
0,1033414
0,1033137
0,1036172
0,19867
