seconds,nanoseconds
0,81665
0,20047
0,1020567
0,17179
0,7143
0,3024033
0,1009674
0,1009483
0,17150
0,7045
0,7281
0,1019773
0,17232
0,1009413
0,17278
0,6930
0,7549
0,7102
0,11712
0,7015
0,7858
0,8922
0,7632
0,1009515
0,17185
0,7077
0,2012350
0,17397
0,1009297
0,17324
0,7251
0,6946
0,3013565
0,16712
0,7139
0,7054
0,7207
0,1024713
0,7464
0,7055
0,6906
0,1010714
0,1009836
0,7091
0,7026
0,7246
0,8062
0,7549
0,1010972
0,20884
0,7887
0,7447
0,7549
0,7234
0,7737
0,7239
0,9650
0,7482
0,1010015
0,16989
0,1009853
0,16844
0,1009704
0,1010244
0,17188
0,6959
0,7152
0,7119
0,11483
0,16239
0,1018513
0,16100
0,2021162
0,1009351
0,1009235
0,16419
0,1009200
0,16851
0,7199
0,11417
0,7183
0,7166
0,7561
0,8124
0,1009820
0,2010991
0,17081
0,7124
0,8039
0,7380
0,8457
0,7307
0,7475
0,7058
0,8835
0,7370
0,1009684
0,7172
0,7437
0,7038
