seconds,nanoseconds
0,514384
0,343966
0,1362575
0,349536
0,1369208
0,2369853
0,338590
0,295400
0,349320
0,346632
0,329941
0,1292331
0,319588
0,1332217
0,1284753
0,276694
0,278035
0,285782
0,279234
0,280390
0,283618
0,1291273
0,2298090
0,2295859
0,274380
0,2262401
0,275774
0,279924
0,2293103
0,1246771
0,234667
0,1243959
0,234992
0,1247854
0,239286
0,240674
0,236748
0,241999
0,237005
0,238052
0,1248950
0,237679
0,233389
0,1246104
0,240510
0,2291781
0,274742
0,1244044
0,263353
0,234667
0,234738
0,239081
0,237282
0,233825
0,1244298
0,239378
0,1242256
0,3295226
0,278568
0,241582
0,238296
0,1252209
0,240633
0,243221
0,239435
0,1239013
0,2254949
0,245767
0,236773
0,1249429
0,240960
0,244603
0,241097
0,238183
0,239429
0,1247913
0,231873
0,233526
0,236401
0,3257665
0,1250297
0,1245503
0,244491
0,239545
0,240874
0,240082
0,1245612
0,240018
0,1243428
0,2252786
0,231861
0,1241276
0,231324
0,230456
0,234118
0,298111
0,240127
0,227674
0,1239787
0,3254065
